<?xml version="1.0" encoding="UTF-8"?>
<!-- Generated by org.testng.reporters.JUnitReportReporter -->
<testsuite hostname="LAPTOP-BPRGDT01" failures="0" tests="1" name="testScripts.TestCurrencyAPI" time="29.118" errors="0" timestamp="2023-02-04T04:39:55 IST" skipped="0">
  <testcase classname="testScripts.TestCurrencyAPI" name="testCase1" time="29.118"/>
  <system-out>
    <![CDATA[https://developer.dnb.no/documentation/currencies/prod-lm/2.1.0/guide
https://developer.dnb.no/documentation/currencies/prod-tm/2.1.0/guide]]>
  </system-out>
</testsuite> <!-- testScripts.TestCurrencyAPI -->
