<?xml version="1.0" encoding="UTF-8"?>
<!-- Generated by org.testng.reporters.JUnitReportReporter -->
<testsuite hostname="LAPTOP-BPRGDT01" failures="0" tests="1" name="testScripts.RegulatoryAPITest" time="15.650" errors="0" timestamp="2023-02-05T03:48:40 IST" skipped="0">
  <testcase classname="testScripts.RegulatoryAPITest" name="verifyTitle" time="15.650"/>
  <system-out>
    <![CDATA[DNB Developer]]>
  </system-out>
</testsuite> <!-- testScripts.RegulatoryAPITest -->
