<?xml version="1.0" encoding="UTF-8"?>
<!-- Generated by org.testng.reporters.JUnitReportReporter -->
<testsuite hostname="LAPTOP-BPRGDT01" failures="0" tests="1" name="testScripts.TestRegulatoryAPI" time="54.975" errors="0" timestamp="2023-02-04T19:47:23 IST" skipped="0">
  <testcase classname="testScripts.TestRegulatoryAPI" name="RegulatoryTC01" time="54.975"/>
  <system-out>
    <![CDATA[DNB Developer]]>
  </system-out>
</testsuite> <!-- testScripts.TestRegulatoryAPI -->
