<?xml version="1.0" encoding="UTF-8"?>
<!-- Generated by org.testng.reporters.JUnitReportReporter -->
<testsuite hostname="LAPTOP-BPRGDT01" failures="0" tests="1" name="testScripts.CorporateAPITest" time="44.631" errors="0" timestamp="2023-02-05T03:48:40 IST" skipped="0">
  <testcase classname="testScripts.CorporateAPITest" name="verifyURLs" time="44.631"/>
  <system-out>
    <![CDATA[https://developer.dnb.no/documentation/currencies/prod-lm/2.1.0/
https://developer.dnb.no/documentation/currencies/prod-tm/@latest/guide]]>
  </system-out>
</testsuite> <!-- testScripts.CorporateAPITest -->
