<?xml version="1.0" encoding="UTF-8"?>
<!-- Generated by org.testng.reporters.JUnitReportReporter -->
<testsuite hostname="LAPTOP-BPRGDT01" failures="0" tests="1" name="testScripts.TestCorporateAPI" time="44.368" errors="0" timestamp="2023-02-04T19:47:23 IST" skipped="0">
  <testcase classname="testScripts.TestCorporateAPI" name="CorporateTC01" time="44.368"/>
  <system-out>
    <![CDATA[https://developer.dnb.no/documentation/currencies/prod-lm/2.1.0/guide
https://developer.dnb.no/documentation/currencies/prod-tm/@latest/guide]]>
  </system-out>
</testsuite> <!-- testScripts.TestCorporateAPI -->
